TN:
SF:controllers\donation.controller.js
FN:9,(anonymous_0)
FN:37,(anonymous_1)
FN:109,(anonymous_2)
FN:132,(anonymous_3)
FN:168,(anonymous_4)
FNF:5
FNH:5
FNDA:1,(anonymous_0)
FNDA:262,(anonymous_1)
FNDA:212,(anonymous_2)
FNDA:2169,(anonymous_3)
FNDA:4,(anonymous_4)
DA:1,4
DA:2,4
DA:10,1
DA:11,1
DA:13,1
DA:15,0
DA:24,1
DA:25,1
DA:38,262
DA:48,262
DA:51,262
DA:52,1
DA:60,261
DA:61,1
DA:67,260
DA:78,259
DA:96,1
DA:97,1
DA:110,212
DA:117,212
DA:119,212
DA:120,212
DA:121,212
DA:122,0
DA:123,0
DA:126,212
DA:132,2169
DA:149,212
DA:155,0
DA:156,0
DA:169,4
DA:170,4
DA:172,4
DA:177,0
DA:178,0
DA:187,4
LF:36
LH:29
BRDA:51,0,0,1
BRDA:51,0,1,261
BRDA:51,1,0,262
BRDA:51,1,1,262
BRDA:51,1,2,262
BRDA:51,1,3,261
BRDA:51,1,4,261
BRDA:51,1,5,261
BRDA:51,1,6,261
BRDA:51,1,7,261
BRDA:60,2,0,1
BRDA:60,2,1,260
BRDA:60,3,0,261
BRDA:60,3,1,261
BRDA:112,4,0,8
BRDA:113,5,0,8
BRDA:120,6,0,3
BRDA:120,6,1,209
BRDA:121,7,0,0
BRDA:121,7,1,212
BRDA:121,8,0,212
BRDA:121,8,1,0
BRF:22
BRH:20
end_of_record
TN:
SF:middleware\auth.js
FN:5,(anonymous_0)
FN:19,(anonymous_1)
FN:34,(anonymous_2)
FN:35,(anonymous_3)
FN:55,(anonymous_4)
FN:66,(anonymous_5)
FNF:6
FNH:0
FNDA:0,(anonymous_0)
FNDA:0,(anonymous_1)
FNDA:0,(anonymous_2)
FNDA:0,(anonymous_3)
FNDA:0,(anonymous_4)
FNDA:0,(anonymous_5)
DA:2,0
DA:5,0
DA:7,0
DA:8,0
DA:10,0
DA:11,0
DA:18,0
DA:19,0
DA:20,0
DA:21,0
DA:28,0
DA:29,0
DA:34,0
DA:35,0
DA:36,0
DA:37,0
DA:43,0
DA:44,0
DA:50,0
DA:55,0
DA:56,0
DA:57,0
DA:62,0
DA:66,0
DA:67,0
DA:68,0
DA:73,0
DA:76,0
LF:28
LH:0
BRDA:8,0,0,0
BRDA:8,0,1,0
BRDA:10,1,0,0
BRDA:10,1,1,0
BRDA:18,2,0,0
BRDA:18,2,1,0
BRDA:20,3,0,0
BRDA:20,3,1,0
BRDA:36,4,0,0
BRDA:36,4,1,0
BRDA:43,5,0,0
BRDA:43,5,1,0
BRDA:56,6,0,0
BRDA:56,6,1,0
BRDA:56,7,0,0
BRDA:56,7,1,0
BRDA:67,8,0,0
BRDA:67,8,1,0
BRDA:67,9,0,0
BRDA:67,9,1,0
BRF:20
BRH:0
end_of_record
TN:
SF:middleware\donation.middleware.js
FN:1,(anonymous_0)
FN:69,(anonymous_1)
FNF:2
FNH:2
FNDA:262,(anonymous_0)
FNDA:209,(anonymous_1)
DA:1,3
DA:11,262
DA:13,261
DA:16,261
DA:17,1
DA:20,261
DA:21,2
DA:24,261
DA:25,2
DA:28,261
DA:29,2
DA:32,261
DA:33,2
DA:36,261
DA:37,2
DA:40,261
DA:41,2
DA:44,261
DA:45,2
DA:48,261
DA:49,3
DA:57,258
DA:58,258
DA:59,258
DA:60,258
DA:61,258
DA:62,258
DA:63,258
DA:64,258
DA:66,258
DA:69,3
DA:70,209
DA:72,209
DA:73,0
DA:79,209
DA:80,0
DA:86,209
DA:89,3
LF:38
LH:36
BRDA:16,0,0,1
BRDA:16,0,1,260
BRDA:16,1,0,261
BRDA:16,1,1,260
BRDA:16,1,2,260
BRDA:20,2,0,2
BRDA:20,2,1,259
BRDA:20,3,0,261
BRDA:20,3,1,261
BRDA:20,3,2,261
BRDA:24,4,0,2
BRDA:24,4,1,259
BRDA:24,5,0,261
BRDA:24,5,1,259
BRDA:24,5,2,259
BRDA:28,6,0,2
BRDA:28,6,1,259
BRDA:28,7,0,261
BRDA:28,7,1,260
BRDA:28,7,2,259
BRDA:32,8,0,2
BRDA:32,8,1,259
BRDA:32,9,0,261
BRDA:32,9,1,259
BRDA:32,9,2,259
BRDA:36,10,0,2
BRDA:36,10,1,259
BRDA:36,11,0,261
BRDA:36,11,1,259
BRDA:36,11,2,259
BRDA:40,12,0,2
BRDA:40,12,1,259
BRDA:40,13,0,261
BRDA:40,13,1,259
BRDA:40,13,2,259
BRDA:44,14,0,2
BRDA:44,14,1,259
BRDA:44,15,0,261
BRDA:44,15,1,260
BRDA:44,15,2,260
BRDA:48,16,0,3
BRDA:48,16,1,258
BRDA:72,17,0,0
BRDA:72,17,1,209
BRDA:72,18,0,209
BRDA:72,18,1,203
BRDA:72,18,2,203
BRDA:79,19,0,0
BRDA:79,19,1,209
BRDA:79,20,0,209
BRDA:79,20,1,203
BRDA:79,20,2,203
BRDA:79,20,3,203
BRF:53
BRH:51
end_of_record
TN:
SF:models\ChatLog.js
FNF:0
FNH:0
DA:1,0
DA:3,0
DA:35,0
LF:3
LH:0
BRF:0
BRH:0
end_of_record
TN:
SF:models\Disaster.js
FN:52,(anonymous_0)
FN:165,(anonymous_1)
FN:181,(anonymous_2)
FN:182,(anonymous_3)
FN:186,(anonymous_4)
FN:187,(anonymous_5)
FN:191,(anonymous_6)
FNF:7
FNH:0
FNDA:0,(anonymous_0)
FNDA:0,(anonymous_1)
FNDA:0,(anonymous_2)
FNDA:0,(anonymous_3)
FNDA:0,(anonymous_4)
FNDA:0,(anonymous_5)
FNDA:0,(anonymous_6)
DA:1,0
DA:3,0
DA:53,0
DA:159,0
DA:160,0
DA:161,0
DA:162,0
DA:165,0
DA:166,0
DA:167,0
DA:168,0
DA:169,0
DA:172,0
DA:174,0
DA:177,0
DA:181,0
DA:182,0
DA:186,0
DA:187,0
DA:191,0
DA:192,0
DA:195,0
LF:22
LH:0
BRDA:166,0,0,0
BRDA:166,0,1,0
BRDA:166,1,0,0
BRDA:166,1,1,0
BRDA:182,2,0,0
BRDA:182,2,1,0
BRDA:187,3,0,0
BRDA:187,3,1,0
BRDA:192,4,0,0
BRDA:192,4,1,0
BRDA:192,4,2,0
BRF:11
BRH:0
end_of_record
TN:
SF:models\Donation.js
FNF:0
FNH:0
DA:1,6
DA:3,6
DA:52,6
DA:53,6
DA:54,6
DA:55,6
DA:56,6
DA:58,6
LF:8
LH:8
BRF:0
BRH:0
end_of_record
TN:
SF:models\Donor.js
FNF:0
FNH:0
DA:1,6
DA:3,6
DA:26,6
DA:28,6
LF:4
LH:4
BRF:0
BRH:0
end_of_record
TN:
SF:models\Report.js
FN:76,(anonymous_0)
FNF:1
FNH:0
FNDA:0,(anonymous_0)
DA:1,0
DA:3,0
DA:76,0
DA:77,0
DA:78,0
DA:81,0
LF:6
LH:0
BRF:0
BRH:0
end_of_record
TN:
SF:models\Resource.js
FN:144,(anonymous_0)
FN:149,(anonymous_1)
FNF:2
FNH:0
FNDA:0,(anonymous_0)
FNDA:0,(anonymous_1)
DA:1,0
DA:3,0
DA:139,0
DA:140,0
DA:141,0
DA:144,0
DA:145,0
DA:149,0
DA:150,0
DA:151,0
DA:154,0
LF:11
LH:0
BRF:0
BRH:0
end_of_record
TN:
SF:models\SosSignal.js
FN:102,(anonymous_0)
FNF:1
FNH:0
FNDA:0,(anonymous_0)
DA:1,0
DA:3,0
DA:94,0
DA:97,0
DA:98,0
DA:99,0
DA:102,0
DA:103,0
DA:104,0
DA:107,0
LF:10
LH:0
BRF:0
BRH:0
end_of_record
TN:
SF:routes\auth.js
FN:20,(anonymous_0)
FN:48,(anonymous_1)
FN:92,(anonymous_2)
FN:130,(anonymous_3)
FN:140,(anonymous_4)
FN:150,(anonymous_5)
FNF:6
FNH:0
FNDA:0,(anonymous_0)
FNDA:0,(anonymous_1)
FNDA:0,(anonymous_2)
FNDA:0,(anonymous_3)
FNDA:0,(anonymous_4)
FNDA:0,(anonymous_5)
DA:2,0
DA:4,0
DA:8,0
DA:9,0
DA:10,0
DA:12,0
DA:14,0
DA:20,0
DA:21,0
DA:22,0
DA:23,0
DA:25,0
DA:26,0
DA:28,0
DA:42,0
DA:43,0
DA:44,0
DA:46,0
DA:48,0
DA:51,0
DA:62,0
DA:73,0
DA:80,0
DA:81,0
DA:82,0
DA:92,0
DA:93,0
DA:94,0
DA:96,0
DA:107,0
DA:109,0
DA:110,0
DA:115,0
DA:121,0
DA:130,0
DA:131,0
DA:140,0
DA:141,0
DA:150,0
DA:151,0
DA:157,0
LF:41
LH:0
BRDA:14,0,0,0
BRDA:14,0,1,0
BRDA:46,1,0,0
BRDA:46,1,1,0
BRDA:59,2,0,0
BRDA:59,2,1,0
BRDA:109,3,0,0
BRDA:109,3,1,0
BRF:8
BRH:0
end_of_record
TN:
SF:routes\donation.routes.js
FNF:0
FNH:0
DA:1,3
DA:2,3
DA:3,3
DA:4,3
DA:7,3
DA:10,3
DA:11,3
DA:12,3
DA:14,3
LF:9
LH:9
BRF:0
BRH:0
end_of_record
TN:
SF:routes\map.routes.js
FN:7,(anonymous_0)
FN:71,(anonymous_1)
FN:149,(anonymous_2)
FN:236,(anonymous_3)
FN:237,(anonymous_4)
FN:238,(anonymous_5)
FN:253,(anonymous_6)
FN:314,(anonymous_7)
FNF:8
FNH:0
FNDA:0,(anonymous_0)
FNDA:0,(anonymous_1)
FNDA:0,(anonymous_2)
FNDA:0,(anonymous_3)
FNDA:0,(anonymous_4)
FNDA:0,(anonymous_5)
FNDA:0,(anonymous_6)
FNDA:0,(anonymous_7)
DA:1,0
DA:2,0
DA:3,0
DA:4,0
DA:7,0
DA:8,0
DA:17,0
DA:19,0
DA:22,0
DA:23,0
DA:27,0
DA:28,0
DA:32,0
DA:33,0
DA:37,0
DA:38,0
DA:39,0
DA:40,0
DA:44,0
DA:45,0
DA:46,0
DA:49,0
DA:54,0
DA:61,0
DA:62,0
DA:71,0
DA:72,0
DA:80,0
DA:82,0
DA:83,0
DA:86,0
DA:87,0
DA:88,0
DA:89,0
DA:90,0
DA:91,0
DA:92,0
DA:95,0
DA:132,0
DA:139,0
DA:140,0
DA:149,0
DA:150,0
DA:157,0
DA:159,0
DA:162,0
DA:163,0
DA:164,0
DA:165,0
DA:166,0
DA:167,0
DA:171,0
DA:172,0
DA:173,0
DA:176,0
DA:231,0
DA:236,0
DA:237,0
DA:238,0
DA:243,0
DA:244,0
DA:253,0
DA:254,0
DA:255,0
DA:257,0
DA:258,0
DA:259,0
DA:260,0
DA:261,0
DA:264,0
DA:291,0
DA:304,0
DA:305,0
DA:314,0
DA:315,0
DA:316,0
DA:318,0
DA:320,0
DA:321,0
DA:322,0
DA:324,0
DA:328,0
DA:335,0
DA:336,0
DA:344,0
LF:85
LH:0
BRDA:16,0,0,0
BRDA:22,1,0,0
BRDA:22,1,1,0
BRDA:27,2,0,0
BRDA:27,2,1,0
BRDA:32,3,0,0
BRDA:32,3,1,0
BRDA:37,4,0,0
BRDA:37,4,1,0
BRDA:37,5,0,0
BRDA:37,5,1,0
BRDA:39,6,0,0
BRDA:39,6,1,0
BRDA:40,7,0,0
BRDA:40,7,1,0
BRDA:44,8,0,0
BRDA:44,8,1,0
BRDA:79,9,0,0
BRDA:86,10,0,0
BRDA:86,10,1,0
BRDA:87,11,0,0
BRDA:87,11,1,0
BRDA:88,12,0,0
BRDA:88,12,1,0
BRDA:89,13,0,0
BRDA:89,13,1,0
BRDA:89,14,0,0
BRDA:89,14,1,0
BRDA:91,15,0,0
BRDA:91,15,1,0
BRDA:92,16,0,0
BRDA:92,16,1,0
BRDA:162,17,0,0
BRDA:162,17,1,0
BRDA:163,18,0,0
BRDA:163,18,1,0
BRDA:164,19,0,0
BRDA:164,19,1,0
BRDA:164,20,0,0
BRDA:164,20,1,0
BRDA:166,21,0,0
BRDA:166,21,1,0
BRDA:167,22,0,0
BRDA:167,22,1,0
BRDA:171,23,0,0
BRDA:171,23,1,0
BRDA:258,24,0,0
BRDA:258,24,1,0
BRDA:258,25,0,0
BRDA:258,25,1,0
BRDA:260,26,0,0
BRDA:260,26,1,0
BRDA:261,27,0,0
BRDA:261,27,1,0
BRDA:297,28,0,0
BRDA:297,28,1,0
BRDA:298,29,0,0
BRDA:298,29,1,0
BRDA:320,30,0,0
BRDA:320,30,1,0
BRDA:321,31,0,0
BRDA:321,31,1,0
BRDA:322,32,0,0
BRDA:322,32,1,0
BRF:64
BRH:0
end_of_record
TN:
SF:routes\mobileAuth.routes.js
FN:42,(anonymous_0)
FN:45,(anonymous_1)
FN:73,(anonymous_2)
FN:119,(anonymous_3)
FN:159,(anonymous_4)
FN:190,(anonymous_5)
FN:240,(anonymous_6)
FN:260,(anonymous_7)
FN:280,(anonymous_8)
FN:300,(anonymous_9)
FN:321,(anonymous_10)
FN:330,(anonymous_11)
FN:369,(anonymous_12)
FN:411,(anonymous_13)
FN:481,analyzeSafetyLevel
FN:491,(anonymous_15)
FN:497,(anonymous_16)
FN:513,extractRecommendations
FN:517,(anonymous_18)
FN:542,(anonymous_19)
FNF:20
FNH:0
FNDA:0,(anonymous_0)
FNDA:0,(anonymous_1)
FNDA:0,(anonymous_2)
FNDA:0,(anonymous_3)
FNDA:0,(anonymous_4)
FNDA:0,(anonymous_5)
FNDA:0,(anonymous_6)
FNDA:0,(anonymous_7)
FNDA:0,(anonymous_8)
FNDA:0,(anonymous_9)
FNDA:0,(anonymous_10)
FNDA:0,(anonymous_11)
FNDA:0,(anonymous_12)
FNDA:0,(anonymous_13)
FNDA:0,analyzeSafetyLevel
FNDA:0,(anonymous_15)
FNDA:0,(anonymous_16)
FNDA:0,extractRecommendations
FNDA:0,(anonymous_18)
FNDA:0,(anonymous_19)
DA:2,0
DA:3,0
DA:4,0
DA:5,0
DA:6,0
DA:8,0
DA:9,0
DA:10,0
DA:13,0
DA:16,0
DA:19,0
DA:37,0
DA:38,0
DA:39,0
DA:42,0
DA:45,0
DA:46,0
DA:48,0
DA:49,0
DA:50,0
DA:53,0
DA:67,0
DA:68,0
DA:69,0
DA:71,0
DA:73,0
DA:74,0
DA:77,0
DA:84,0
DA:85,0
DA:97,0
DA:98,0
DA:105,0
DA:106,0
DA:113,0
DA:114,0
DA:119,0
DA:120,0
DA:121,0
DA:122,0
DA:124,0
DA:126,0
DA:127,0
DA:133,0
DA:140,0
DA:141,0
DA:142,0
DA:144,0
DA:150,0
DA:151,0
DA:159,0
DA:160,0
DA:161,0
DA:163,0
DA:164,0
DA:165,0
DA:168,0
DA:172,0
DA:174,0
DA:179,0
DA:181,0
DA:182,0
DA:190,0
DA:191,0
DA:193,0
DA:196,0
DA:223,0
DA:225,0
DA:231,0
DA:232,0
DA:240,0
DA:241,0
DA:242,0
DA:246,0
DA:251,0
DA:252,0
DA:260,0
DA:261,0
DA:262,0
DA:266,0
DA:271,0
DA:272,0
DA:280,0
DA:281,0
DA:282,0
DA:286,0
DA:291,0
DA:292,0
DA:300,0
DA:301,0
DA:302,0
DA:303,0
DA:307,0
DA:312,0
DA:313,0
DA:321,0
DA:322,0
DA:330,0
DA:331,0
DA:332,0
DA:333,0
DA:335,0
DA:336,0
DA:342,0
DA:352,0
DA:354,0
DA:360,0
DA:361,0
DA:369,0
DA:370,0
DA:371,0
DA:372,0
DA:374,0
DA:375,0
DA:382,0
DA:384,0
DA:390,0
DA:392,0
DA:402,0
DA:403,0
DA:411,0
DA:412,0
DA:413,0
DA:414,0
DA:416,0
DA:417,0
DA:423,0
DA:426,0
DA:429,0
DA:437,0
DA:438,0
DA:439,0
DA:442,0
DA:445,0
DA:447,0
DA:456,0
DA:458,0
DA:470,0
DA:471,0
DA:482,0
DA:483,0
DA:485,0
DA:486,0
DA:488,0
DA:489,0
DA:491,0
DA:492,0
DA:493,0
DA:497,0
DA:498,0
DA:499,0
DA:503,0
DA:504,0
DA:505,0
DA:506,0
DA:508,0
DA:514,0
DA:515,0
DA:517,0
DA:518,0
DA:519,0
DA:520,0
DA:521,0
DA:522,0
DA:527,0
DA:528,0
DA:529,0
DA:530,0
DA:532,0
DA:533,0
DA:534,0
DA:538,0
DA:542,0
DA:543,0
DA:544,0
DA:547,0
DA:548,0
DA:556,0
DA:559,0
DA:562,0
DA:563,0
DA:564,0
DA:566,0
DA:568,0
DA:578,0
DA:579,0
DA:588,0
LF:187
LH:0
BRDA:71,0,0,0
BRDA:71,0,1,0
BRDA:78,1,0,0
BRDA:78,1,1,0
BRDA:79,2,0,0
BRDA:79,2,1,0
BRDA:80,3,0,0
BRDA:80,3,1,0
BRDA:81,4,0,0
BRDA:81,4,1,0
BRDA:84,5,0,0
BRDA:84,5,1,0
BRDA:94,6,0,0
BRDA:94,6,1,0
BRDA:122,7,0,0
BRDA:122,7,1,0
BRDA:122,7,2,0
BRDA:126,8,0,0
BRDA:126,8,1,0
BRDA:126,9,0,0
BRDA:126,9,1,0
BRDA:137,10,0,0
BRDA:137,10,1,0
BRDA:164,11,0,0
BRDA:164,11,1,0
BRDA:302,12,0,0
BRDA:302,12,1,0
BRDA:302,12,2,0
BRDA:333,13,0,0
BRDA:333,13,1,0
BRDA:333,13,2,0
BRDA:335,14,0,0
BRDA:335,14,1,0
BRDA:335,15,0,0
BRDA:335,15,1,0
BRDA:344,16,0,0
BRDA:344,16,1,0
BRDA:347,17,0,0
BRDA:347,17,1,0
BRDA:348,18,0,0
BRDA:348,18,1,0
BRDA:372,19,0,0
BRDA:372,19,1,0
BRDA:372,19,2,0
BRDA:374,20,0,0
BRDA:374,20,1,0
BRDA:414,21,0,0
BRDA:414,21,1,0
BRDA:414,21,2,0
BRDA:416,22,0,0
BRDA:416,22,1,0
BRDA:432,23,0,0
BRDA:432,23,1,0
BRDA:492,24,0,0
BRDA:492,24,1,0
BRDA:492,25,0,0
BRDA:492,25,1,0
BRDA:498,26,0,0
BRDA:498,26,1,0
BRDA:498,27,0,0
BRDA:498,27,1,0
BRDA:503,28,0,0
BRDA:503,28,1,0
BRDA:505,29,0,0
BRDA:505,29,1,0
BRDA:505,30,0,0
BRDA:505,30,1,0
BRDA:519,31,0,0
BRDA:519,31,1,0
BRDA:519,32,0,0
BRDA:519,32,1,0
BRDA:519,32,2,0
BRDA:521,33,0,0
BRDA:521,33,1,0
BRDA:521,34,0,0
BRDA:521,34,1,0
BRDA:521,34,2,0
BRDA:527,35,0,0
BRDA:527,35,1,0
BRDA:528,36,0,0
BRDA:528,36,1,0
BRDA:532,37,0,0
BRDA:532,37,1,0
BRDA:547,38,0,0
BRDA:547,38,1,0
BRF:85
BRH:0
end_of_record
TN:
SF:routes\ndx.routes.js
FN:12,(anonymous_0)
FN:26,(anonymous_1)
FN:64,(anonymous_2)
FN:88,(anonymous_3)
FN:105,(anonymous_4)
FN:121,(anonymous_5)
FN:145,(anonymous_6)
FN:168,(anonymous_7)
FN:214,(anonymous_8)
FNF:9
FNH:0
FNDA:0,(anonymous_0)
FNDA:0,(anonymous_1)
FNDA:0,(anonymous_2)
FNDA:0,(anonymous_3)
FNDA:0,(anonymous_4)
FNDA:0,(anonymous_5)
FNDA:0,(anonymous_6)
FNDA:0,(anonymous_7)
FNDA:0,(anonymous_8)
DA:4,0
DA:5,0
DA:6,0
DA:8,0
DA:9,0
DA:12,0
DA:13,0
DA:14,0
DA:15,0
DA:17,0
DA:18,0
DA:26,0
DA:27,0
DA:28,0
DA:34,0
DA:36,0
DA:37,0
DA:43,0
DA:52,0
DA:53,0
DA:55,0
DA:56,0
DA:64,0
DA:65,0
DA:66,0
DA:67,0
DA:69,0
DA:70,0
DA:76,0
DA:77,0
DA:79,0
DA:80,0
DA:88,0
DA:89,0
DA:90,0
DA:91,0
DA:93,0
DA:94,0
DA:96,0
DA:97,0
DA:105,0
DA:106,0
DA:107,0
DA:109,0
DA:110,0
DA:112,0
DA:113,0
DA:121,0
DA:122,0
DA:123,0
DA:124,0
DA:126,0
DA:127,0
DA:133,0
DA:134,0
DA:136,0
DA:137,0
DA:145,0
DA:146,0
DA:147,0
DA:149,0
DA:150,0
DA:156,0
DA:157,0
DA:159,0
DA:160,0
DA:168,0
DA:169,0
DA:170,0
DA:171,0
DA:174,0
DA:183,0
DA:185,0
DA:186,0
DA:190,0
DA:193,0
DA:198,0
DA:205,0
DA:206,0
DA:214,0
DA:215,0
DA:216,0
DA:217,0
DA:220,0
DA:229,0
DA:231,0
DA:232,0
DA:236,0
DA:239,0
DA:244,0
DA:251,0
DA:252,0
DA:259,0
LF:93
LH:0
BRDA:36,0,0,0
BRDA:36,0,1,0
BRDA:36,1,0,0
BRDA:36,1,1,0
BRDA:36,1,2,0
BRDA:69,2,0,0
BRDA:69,2,1,0
BRDA:126,3,0,0
BRDA:126,3,1,0
BRDA:149,4,0,0
BRDA:149,4,1,0
BRDA:185,5,0,0
BRDA:185,5,1,0
BRDA:231,6,0,0
BRDA:231,6,1,0
BRF:15
BRH:0
end_of_record
TN:
SF:routes\resources.routes.js
FN:12,(anonymous_0)
FN:38,(anonymous_1)
FN:40,(anonymous_2)
FN:46,(anonymous_3)
FN:51,(anonymous_4)
FN:125,(anonymous_5)
FN:151,(anonymous_6)
FN:190,(anonymous_7)
FN:227,(anonymous_8)
FN:253,(anonymous_9)
FN:333,(anonymous_10)
FN:385,(anonymous_11)
FN:478,(anonymous_12)
FN:507,(anonymous_13)
FN:539,(anonymous_14)
FN:582,(anonymous_15)
FN:642,(anonymous_16)
FN:684,(anonymous_17)
FN:720,(anonymous_18)
FN:741,(anonymous_19)
FN:749,(anonymous_20)
FN:750,(anonymous_21)
FN:751,(anonymous_22)
FN:756,(anonymous_23)
FN:771,(anonymous_24)
FN:773,(anonymous_25)
FN:799,(anonymous_26)
FN:803,(anonymous_27)
FN:806,(anonymous_28)
FN:809,(anonymous_29)
FN:850,(anonymous_30)
FNF:31
FNH:0
FNDA:0,(anonymous_0)
FNDA:0,(anonymous_1)
FNDA:0,(anonymous_2)
FNDA:0,(anonymous_3)
FNDA:0,(anonymous_4)
FNDA:0,(anonymous_5)
FNDA:0,(anonymous_6)
FNDA:0,(anonymous_7)
FNDA:0,(anonymous_8)
FNDA:0,(anonymous_9)
FNDA:0,(anonymous_10)
FNDA:0,(anonymous_11)
FNDA:0,(anonymous_12)
FNDA:0,(anonymous_13)
FNDA:0,(anonymous_14)
FNDA:0,(anonymous_15)
FNDA:0,(anonymous_16)
FNDA:0,(anonymous_17)
FNDA:0,(anonymous_18)
FNDA:0,(anonymous_19)
FNDA:0,(anonymous_20)
FNDA:0,(anonymous_21)
FNDA:0,(anonymous_22)
FNDA:0,(anonymous_23)
FNDA:0,(anonymous_24)
FNDA:0,(anonymous_25)
FNDA:0,(anonymous_26)
FNDA:0,(anonymous_27)
FNDA:0,(anonymous_28)
FNDA:0,(anonymous_29)
FNDA:0,(anonymous_30)
DA:1,0
DA:2,0
DA:3,0
DA:5,0
DA:7,0
DA:8,0
DA:14,0
DA:15,0
DA:16,0
DA:18,0
DA:21,0
DA:28,0
DA:30,0
DA:40,0
DA:46,0
DA:51,0
DA:52,0
DA:64,0
DA:66,0
DA:69,0
DA:70,0
DA:71,0
DA:72,0
DA:75,0
DA:76,0
DA:77,0
DA:78,0
DA:90,0
DA:96,0
DA:102,0
DA:104,0
DA:115,0
DA:116,0
DA:125,0
DA:126,0
DA:127,0
DA:129,0
DA:130,0
DA:136,0
DA:141,0
DA:142,0
DA:151,0
DA:152,0
DA:153,0
DA:161,0
DA:162,0
DA:163,0
DA:164,0
DA:171,0
DA:172,0
DA:174,0
DA:180,0
DA:181,0
DA:190,0
DA:191,0
DA:192,0
DA:198,0
DA:204,0
DA:205,0
DA:211,0
DA:217,0
DA:218,0
DA:227,0
DA:228,0
DA:229,0
DA:231,0
DA:232,0
DA:238,0
DA:243,0
DA:244,0
DA:253,0
DA:254,0
DA:255,0
DA:257,0
DA:258,0
DA:265,0
DA:266,0
DA:267,0
DA:273,0
DA:274,0
DA:275,0
DA:282,0
DA:283,0
DA:284,0
DA:291,0
DA:294,0
DA:305,0
DA:306,0
DA:307,0
DA:308,0
DA:311,0
DA:313,0
DA:323,0
DA:324,0
DA:333,0
DA:334,0
DA:335,0
DA:337,0
DA:338,0
DA:344,0
DA:345,0
DA:346,0
DA:352,0
DA:353,0
DA:354,0
DA:360,0
DA:361,0
DA:363,0
DA:365,0
DA:375,0
DA:376,0
DA:385,0
DA:386,0
DA:388,0
DA:433,0
DA:447,0
DA:455,0
DA:459,0
DA:468,0
DA:469,0
DA:478,0
DA:479,0
DA:480,0
DA:482,0
DA:483,0
DA:490,0
DA:496,0
DA:507,0
DA:508,0
DA:510,0
DA:520,0
DA:529,0
DA:530,0
DA:539,0
DA:540,0
DA:541,0
DA:543,0
DA:544,0
DA:545,0
DA:547,0
DA:552,0
DA:563,0
DA:572,0
DA:573,0
DA:582,0
DA:583,0
DA:584,0
DA:586,0
DA:589,0
DA:594,0
DA:595,0
DA:598,0
DA:599,0
DA:602,0
DA:603,0
DA:604,0
DA:605,0
DA:609,0
DA:624,0
DA:626,0
DA:632,0
DA:633,0
DA:642,0
DA:643,0
DA:644,0
DA:646,0
DA:647,0
DA:653,0
DA:664,0
DA:674,0
DA:675,0
DA:684,0
DA:685,0
DA:686,0
DA:688,0
DA:689,0
DA:696,0
DA:699,0
DA:701,0
DA:710,0
DA:711,0
DA:720,0
DA:721,0
DA:722,0
DA:724,0
DA:726,0
DA:731,0
DA:732,0
DA:741,0
DA:742,0
DA:743,0
DA:744,0
DA:747,0
DA:748,0
DA:749,0
DA:750,0
DA:751,0
DA:752,0
DA:755,0
DA:756,0
DA:757,0
DA:758,0
DA:759,0
DA:761,0
DA:764,0
DA:765,0
DA:766,0
DA:767,0
DA:768,0
DA:769,0
DA:771,0
DA:772,0
DA:773,0
DA:774,0
DA:776,0
DA:778,0
DA:779,0
DA:780,0
DA:783,0
DA:784,0
DA:785,0
DA:791,0
DA:792,0
DA:793,0
DA:794,0
DA:797,0
DA:798,0
DA:799,0
DA:800,0
DA:801,0
DA:803,0
DA:806,0
DA:809,0
DA:815,0
DA:840,0
DA:841,0
DA:850,0
DA:851,0
DA:852,0
DA:854,0
DA:855,0
DA:861,0
DA:862,0
DA:863,0
DA:870,0
DA:871,0
DA:872,0
DA:878,0
DA:879,0
DA:880,0
DA:884,0
DA:885,0
DA:886,0
DA:890,0
DA:891,0
DA:892,0
DA:895,0
DA:897,0
DA:907,0
DA:908,0
DA:916,0
LF:261
LH:0
BRDA:14,0,0,0
BRDA:14,0,1,0
BRDA:28,1,0,0
BRDA:28,1,1,0
BRDA:33,2,0,0
BRDA:33,2,1,0
BRDA:43,3,0,0
BRDA:43,3,1,0
BRDA:59,4,0,0
BRDA:60,5,0,0
BRDA:61,6,0,0
BRDA:62,7,0,0
BRDA:63,8,0,0
BRDA:69,9,0,0
BRDA:69,9,1,0
BRDA:70,10,0,0
BRDA:70,10,1,0
BRDA:71,11,0,0
BRDA:71,11,1,0
BRDA:72,12,0,0
BRDA:72,12,1,0
BRDA:75,13,0,0
BRDA:75,13,1,0
BRDA:77,14,0,0
BRDA:77,14,1,0
BRDA:77,15,0,0
BRDA:77,15,1,0
BRDA:93,16,0,0
BRDA:93,16,1,0
BRDA:129,17,0,0
BRDA:129,17,1,0
BRDA:163,18,0,0
BRDA:163,18,1,0
BRDA:204,19,0,0
BRDA:204,19,1,0
BRDA:231,20,0,0
BRDA:231,20,1,0
BRDA:257,21,0,0
BRDA:257,21,1,0
BRDA:257,22,0,0
BRDA:257,22,1,0
BRDA:257,22,2,0
BRDA:266,23,0,0
BRDA:266,23,1,0
BRDA:266,24,0,0
BRDA:266,24,1,0
BRDA:274,25,0,0
BRDA:274,25,1,0
BRDA:283,26,0,0
BRDA:283,26,1,0
BRDA:305,27,0,0
BRDA:305,27,1,0
BRDA:307,28,0,0
BRDA:307,28,1,0
BRDA:337,29,0,0
BRDA:337,29,1,0
BRDA:337,30,0,0
BRDA:337,30,1,0
BRDA:345,31,0,0
BRDA:345,31,1,0
BRDA:353,32,0,0
BRDA:353,32,1,0
BRDA:371,33,0,0
BRDA:371,33,1,0
BRDA:447,34,0,0
BRDA:447,34,1,0
BRDA:455,35,0,0
BRDA:455,35,1,0
BRDA:482,36,0,0
BRDA:482,36,1,0
BRDA:482,37,0,0
BRDA:482,37,1,0
BRDA:544,38,0,0
BRDA:544,38,1,0
BRDA:545,39,0,0
BRDA:545,39,1,0
BRDA:594,40,0,0
BRDA:594,40,1,0
BRDA:598,41,0,0
BRDA:598,41,1,0
BRDA:602,42,0,0
BRDA:602,42,1,0
BRDA:602,43,0,0
BRDA:602,43,1,0
BRDA:604,44,0,0
BRDA:604,44,1,0
BRDA:605,45,0,0
BRDA:605,45,1,0
BRDA:646,46,0,0
BRDA:646,46,1,0
BRDA:646,47,0,0
BRDA:646,47,1,0
BRDA:646,47,2,0
BRDA:670,48,0,0
BRDA:670,48,1,0
BRDA:688,49,0,0
BRDA:688,49,1,0
BRDA:688,50,0,0
BRDA:688,50,1,0
BRDA:688,50,2,0
BRDA:722,51,0,0
BRDA:743,52,0,0
BRDA:750,53,0,0
BRDA:750,53,1,0
BRDA:761,54,0,0
BRDA:761,54,1,0
BRDA:772,55,0,0
BRDA:772,55,1,0
BRDA:776,56,0,0
BRDA:776,56,1,0
BRDA:778,57,0,0
BRDA:778,57,1,0
BRDA:783,58,0,0
BRDA:783,58,1,0
BRDA:783,59,0,0
BRDA:783,59,1,0
BRDA:783,59,2,0
BRDA:792,60,0,0
BRDA:792,60,1,0
BRDA:793,61,0,0
BRDA:793,61,1,0
BRDA:794,62,0,0
BRDA:794,62,1,0
BRDA:800,63,0,0
BRDA:800,63,1,0
BRDA:801,64,0,0
BRDA:801,64,1,0
BRDA:806,65,0,0
BRDA:806,65,1,0
BRDA:807,66,0,0
BRDA:807,66,1,0
BRDA:812,67,0,0
BRDA:812,67,1,0
BRDA:854,68,0,0
BRDA:854,68,1,0
BRDA:862,69,0,0
BRDA:862,69,1,0
BRDA:871,70,0,0
BRDA:871,70,1,0
BRDA:880,71,0,0
BRDA:880,71,1,0
BRDA:885,72,0,0
BRDA:885,72,1,0
BRDA:890,73,0,0
BRDA:890,73,1,0
BRDA:890,74,0,0
BRDA:890,74,1,0
BRDA:892,75,0,0
BRDA:892,75,1,0
BRF:149
BRH:0
end_of_record
TN:
SF:routes\test-crud.routes.js
FN:9,(anonymous_0)
FN:59,(anonymous_1)
FN:96,(anonymous_2)
FN:139,(anonymous_3)
FN:179,(anonymous_4)
FN:199,(anonymous_5)
FN:200,(anonymous_6)
FN:216,(anonymous_7)
FN:225,(anonymous_8)
FNF:9
FNH:0
FNDA:0,(anonymous_0)
FNDA:0,(anonymous_1)
FNDA:0,(anonymous_2)
FNDA:0,(anonymous_3)
FNDA:0,(anonymous_4)
FNDA:0,(anonymous_5)
FNDA:0,(anonymous_6)
FNDA:0,(anonymous_7)
FNDA:0,(anonymous_8)
DA:1,0
DA:2,0
DA:3,0
DA:9,0
DA:10,0
DA:11,0
DA:17,0
DA:20,0
DA:21,0
DA:28,0
DA:38,0
DA:40,0
DA:42,0
DA:49,0
DA:50,0
DA:59,0
DA:60,0
DA:61,0
DA:63,0
DA:65,0
DA:70,0
DA:72,0
DA:74,0
DA:86,0
DA:87,0
DA:96,0
DA:97,0
DA:98,0
DA:99,0
DA:101,0
DA:102,0
DA:104,0
DA:106,0
DA:112,0
DA:113,0
DA:120,0
DA:122,0
DA:129,0
DA:130,0
DA:139,0
DA:140,0
DA:141,0
DA:143,0
DA:152,0
DA:153,0
DA:160,0
DA:162,0
DA:169,0
DA:170,0
DA:179,0
DA:180,0
DA:181,0
DA:183,0
DA:185,0
DA:186,0
DA:193,0
DA:195,0
DA:199,0
DA:200,0
DA:206,0
DA:207,0
DA:216,0
DA:217,0
DA:218,0
DA:223,0
DA:225,0
DA:237,0
DA:244,0
LF:68
LH:0
BRDA:15,0,0,0
BRDA:20,1,0,0
BRDA:20,1,1,0
BRDA:20,2,0,0
BRDA:20,2,1,0
BRDA:20,2,2,0
BRDA:20,2,3,0
BRDA:30,3,0,0
BRDA:30,3,1,0
BRDA:32,4,0,0
BRDA:32,4,1,0
BRDA:33,5,0,0
BRDA:33,5,1,0
BRDA:63,6,0,0
BRDA:63,7,0,0
BRDA:112,8,0,0
BRDA:112,8,1,0
BRDA:152,9,0,0
BRDA:152,9,1,0
BRDA:185,10,0,0
BRDA:185,10,1,0
BRDA:199,11,0,0
BRDA:199,11,1,0
BRDA:200,12,0,0
BRDA:200,12,1,0
BRF:25
BRH:0
end_of_record
TN:
SF:routes\admin\analytics.routes.js
FN:7,(anonymous_0)
FN:138,(anonymous_1)
FN:159,(anonymous_2)
FN:187,(anonymous_3)
FN:237,(anonymous_4)
FN:250,(anonymous_5)
FNF:6
FNH:0
FNDA:0,(anonymous_0)
FNDA:0,(anonymous_1)
FNDA:0,(anonymous_2)
FNDA:0,(anonymous_3)
FNDA:0,(anonymous_4)
FNDA:0,(anonymous_5)
DA:1,0
DA:2,0
DA:3,0
DA:4,0
DA:7,0
DA:8,0
DA:9,0
DA:11,0
DA:12,0
DA:13,0
DA:14,0
DA:15,0
DA:19,0
DA:107,0
DA:109,0
DA:129,0
DA:130,0
DA:138,0
DA:139,0
DA:140,0
DA:142,0
DA:144,0
DA:145,0
DA:146,0
DA:147,0
DA:150,0
DA:151,0
DA:153,0
DA:159,0
DA:160,0
DA:161,0
DA:162,0
DA:163,0
DA:165,0
DA:167,0
DA:170,0
DA:178,0
DA:179,0
DA:187,0
DA:188,0
DA:189,0
DA:194,0
DA:197,0
DA:198,0
DA:199,0
DA:200,0
DA:203,0
DA:204,0
DA:206,0
DA:208,0
DA:232,0
DA:237,0
DA:241,0
DA:242,0
DA:250,0
DA:251,0
DA:252,0
DA:254,0
DA:287,0
DA:289,0
DA:315,0
DA:316,0
DA:323,0
LF:63
LH:0
BRDA:12,0,0,0
BRDA:12,0,1,0
BRDA:12,1,0,0
BRDA:12,1,1,0
BRDA:14,2,0,0
BRDA:14,2,1,0
BRDA:15,3,0,0
BRDA:15,3,1,0
BRDA:113,4,0,0
BRDA:113,4,1,0
BRDA:114,5,0,0
BRDA:114,5,1,0
BRDA:115,6,0,0
BRDA:115,6,1,0
BRDA:116,7,0,0
BRDA:116,7,1,0
BRDA:117,8,0,0
BRDA:117,8,1,0
BRDA:118,9,0,0
BRDA:118,9,1,0
BRDA:140,10,0,0
BRDA:144,11,0,0
BRDA:144,11,1,0
BRDA:144,12,0,0
BRDA:144,12,1,0
BRDA:146,13,0,0
BRDA:146,13,1,0
BRDA:147,14,0,0
BRDA:147,14,1,0
BRDA:150,15,0,0
BRDA:150,15,1,0
BRDA:151,16,0,0
BRDA:151,16,1,0
BRDA:160,17,0,0
BRDA:160,17,1,0
BRDA:162,18,0,0
BRDA:162,18,1,0
BRDA:206,19,0,0
BRDA:206,19,1,0
BRDA:206,20,0,0
BRDA:206,20,1,0
BRDA:224,21,0,0
BRDA:224,21,1,0
BRDA:252,22,0,0
BRDA:287,23,0,0
BRDA:287,23,1,0
BRDA:293,24,0,0
BRDA:293,24,1,0
BRDA:294,25,0,0
BRDA:294,25,1,0
BRDA:297,26,0,0
BRDA:297,26,1,0
BRDA:298,27,0,0
BRDA:298,27,1,0
BRDA:299,28,0,0
BRDA:299,28,1,0
BRDA:302,29,0,0
BRDA:302,29,1,0
BRDA:303,30,0,0
BRDA:303,30,1,0
BRDA:304,31,0,0
BRDA:304,31,1,0
BRDA:307,32,0,0
BRDA:307,32,1,0
BRDA:308,33,0,0
BRDA:308,33,1,0
BRDA:309,34,0,0
BRDA:309,34,1,0
BRDA:310,35,0,0
BRDA:310,35,1,0
BRF:70
BRH:0
end_of_record
TN:
SF:routes\admin\disasters.routes.js
FN:7,(anonymous_0)
FN:8,(anonymous_1)
FN:45,(anonymous_2)
FN:66,(anonymous_3)
FN:136,(anonymous_4)
FN:218,(anonymous_5)
FN:252,(anonymous_6)
FN:303,(anonymous_7)
FN:358,(anonymous_8)
FN:410,(anonymous_9)
FNF:10
FNH:0
FNDA:0,(anonymous_0)
FNDA:0,(anonymous_1)
FNDA:0,(anonymous_2)
FNDA:0,(anonymous_3)
FNDA:0,(anonymous_4)
FNDA:0,(anonymous_5)
FNDA:0,(anonymous_6)
FNDA:0,(anonymous_7)
FNDA:0,(anonymous_8)
FNDA:0,(anonymous_9)
DA:1,0
DA:2,0
DA:3,0
DA:4,0
DA:7,0
DA:8,0
DA:11,0
DA:21,0
DA:28,0
DA:30,0
DA:45,0
DA:46,0
DA:49,0
DA:50,0
DA:51,0
DA:52,0
DA:55,0
DA:57,0
DA:62,0
DA:66,0
DA:67,0
DA:74,0
DA:77,0
DA:78,0
DA:85,0
DA:88,0
DA:93,0
DA:94,0
DA:95,0
DA:97,0
DA:110,0
DA:112,0
DA:119,0
DA:121,0
DA:122,0
DA:128,0
DA:136,0
DA:137,0
DA:138,0
DA:145,0
DA:147,0
DA:150,0
DA:151,0
DA:152,0
DA:153,0
DA:156,0
DA:157,0
DA:158,0
DA:161,0
DA:162,0
DA:163,0
DA:164,0
DA:168,0
DA:169,0
DA:173,0
DA:174,0
DA:183,0
DA:190,0
DA:192,0
DA:209,0
DA:210,0
DA:218,0
DA:219,0
DA:220,0
DA:224,0
DA:225,0
DA:231,0
DA:243,0
DA:244,0
DA:252,0
DA:253,0
DA:254,0
DA:255,0
DA:258,0
DA:261,0
DA:262,0
DA:265,0
DA:266,0
DA:267,0
DA:275,0
DA:281,0
DA:282,0
DA:288,0
DA:294,0
DA:295,0
DA:303,0
DA:304,0
DA:305,0
DA:307,0
DA:308,0
DA:314,0
DA:319,0
DA:320,0
DA:323,0
DA:324,0
DA:325,0
DA:326,0
DA:330,0
DA:336,0
DA:337,0
DA:343,0
DA:349,0
DA:350,0
DA:358,0
DA:359,0
DA:360,0
DA:362,0
DA:364,0
DA:365,0
DA:366,0
DA:372,0
DA:378,0
DA:387,0
DA:388,0
DA:394,0
DA:401,0
DA:402,0
DA:410,0
DA:411,0
DA:412,0
DA:414,0
DA:415,0
DA:421,0
DA:422,0
DA:428,0
DA:433,0
DA:435,0
DA:440,0
DA:449,0
DA:450,0
DA:457,0
LF:131
LH:0
BRDA:8,0,0,0
BRDA:8,0,1,0
BRDA:28,1,0,0
BRDA:28,1,1,0
BRDA:28,2,0,0
BRDA:28,2,1,0
BRDA:35,3,0,0
BRDA:35,3,1,0
BRDA:35,4,0,0
BRDA:35,4,1,0
BRDA:55,5,0,0
BRDA:55,5,1,0
BRDA:55,6,0,0
BRDA:55,6,1,0
BRDA:55,6,2,0
BRDA:55,6,3,0
BRDA:70,7,0,0
BRDA:72,8,0,0
BRDA:73,9,0,0
BRDA:77,10,0,0
BRDA:77,10,1,0
BRDA:77,11,0,0
BRDA:77,11,1,0
BRDA:77,11,2,0
BRDA:77,11,3,0
BRDA:88,12,0,0
BRDA:88,12,1,0
BRDA:88,13,0,0
BRDA:88,13,1,0
BRDA:100,14,0,0
BRDA:100,14,1,0
BRDA:100,15,0,0
BRDA:100,15,1,0
BRDA:102,16,0,0
BRDA:102,16,1,0
BRDA:103,17,0,0
BRDA:103,17,1,0
BRDA:121,18,0,0
BRDA:121,18,1,0
BRDA:142,19,0,0
BRDA:142,20,0,0
BRDA:143,21,0,0
BRDA:143,22,0,0
BRDA:144,23,0,0
BRDA:150,24,0,0
BRDA:150,24,1,0
BRDA:152,25,0,0
BRDA:152,25,1,0
BRDA:156,26,0,0
BRDA:156,26,1,0
BRDA:157,27,0,0
BRDA:157,27,1,0
BRDA:158,28,0,0
BRDA:158,28,1,0
BRDA:161,29,0,0
BRDA:161,29,1,0
BRDA:161,30,0,0
BRDA:161,30,1,0
BRDA:163,31,0,0
BRDA:163,31,1,0
BRDA:164,32,0,0
BRDA:164,32,1,0
BRDA:168,33,0,0
BRDA:168,33,1,0
BRDA:173,34,0,0
BRDA:173,34,1,0
BRDA:186,35,0,0
BRDA:186,35,1,0
BRDA:224,36,0,0
BRDA:224,36,1,0
BRDA:238,37,0,0
BRDA:238,37,1,0
BRDA:239,38,0,0
BRDA:239,38,1,0
BRDA:261,39,0,0
BRDA:261,39,1,0
BRDA:265,40,0,0
BRDA:265,40,1,0
BRDA:265,41,0,0
BRDA:265,41,1,0
BRDA:269,42,0,0
BRDA:269,42,1,0
BRDA:270,43,0,0
BRDA:270,43,1,0
BRDA:281,44,0,0
BRDA:281,44,1,0
BRDA:307,45,0,0
BRDA:307,45,1,0
BRDA:316,46,0,0
BRDA:316,46,1,0
BRDA:319,47,0,0
BRDA:319,47,1,0
BRDA:320,48,0,0
BRDA:320,48,1,0
BRDA:323,49,0,0
BRDA:323,49,1,0
BRDA:323,50,0,0
BRDA:323,50,1,0
BRDA:325,51,0,0
BRDA:325,51,1,0
BRDA:336,52,0,0
BRDA:336,52,1,0
BRDA:360,53,0,0
BRDA:362,54,0,0
BRDA:362,54,1,0
BRDA:365,55,0,0
BRDA:365,55,1,0
BRDA:382,56,0,0
BRDA:382,56,1,0
BRDA:387,57,0,0
BRDA:387,57,1,0
BRDA:414,58,0,0
BRDA:414,58,1,0
BRDA:414,59,0,0
BRDA:414,59,1,0
BRDA:414,59,2,0
BRDA:421,60,0,0
BRDA:421,60,1,0
BRDA:430,61,0,0
BRDA:430,61,1,0
BRDA:433,62,0,0
BRDA:433,62,1,0
BRF:122
BRH:0
end_of_record
TN:
SF:routes\admin\import-export.routes.js
FN:9,(anonymous_0)
FN:102,(anonymous_1)
FN:168,(anonymous_2)
FN:231,parseCsvData
FN:232,(anonymous_4)
FN:238,(anonymous_5)
FN:242,(anonymous_6)
FN:253,(anonymous_7)
FN:259,setNestedProperty
FN:276,convertToCSV
FN:289,(anonymous_10)
FN:306,(anonymous_11)
FN:307,(anonymous_12)
FN:324,(anonymous_13)
FN:324,(anonymous_14)
FN:329,convertTemplateToCSV
FN:333,(anonymous_16)
FN:334,(anonymous_17)
FNF:18
FNH:0
FNDA:0,(anonymous_0)
FNDA:0,(anonymous_1)
FNDA:0,(anonymous_2)
FNDA:0,parseCsvData
FNDA:0,(anonymous_4)
FNDA:0,(anonymous_5)
FNDA:0,(anonymous_6)
FNDA:0,(anonymous_7)
FNDA:0,setNestedProperty
FNDA:0,convertToCSV
FNDA:0,(anonymous_10)
FNDA:0,(anonymous_11)
FNDA:0,(anonymous_12)
FNDA:0,(anonymous_13)
FNDA:0,(anonymous_14)
FNDA:0,convertTemplateToCSV
FNDA:0,(anonymous_16)
FNDA:0,(anonymous_17)
DA:1,0
DA:2,0
DA:3,0
DA:4,0
DA:5,0
DA:6,0
DA:9,0
DA:10,0
DA:11,0
DA:13,0
DA:14,0
DA:20,0
DA:22,0
DA:23,0
DA:24,0
DA:26,0
DA:28,0
DA:34,0
DA:42,0
DA:44,0
DA:45,0
DA:46,0
DA:49,0
DA:52,0
DA:53,0
DA:54,0
DA:55,0
DA:56,0
DA:61,0
DA:62,0
DA:63,0
DA:64,0
DA:69,0
DA:70,0
DA:76,0
DA:77,0
DA:80,0
DA:82,0
DA:83,0
DA:87,0
DA:93,0
DA:94,0
DA:102,0
DA:103,0
DA:113,0
DA:115,0
DA:118,0
DA:119,0
DA:120,0
DA:122,0
DA:123,0
DA:124,0
DA:125,0
DA:129,0
DA:131,0
DA:132,0
DA:134,0
DA:139,0
DA:141,0
DA:143,0
DA:144,0
DA:145,0
DA:148,0
DA:149,0
DA:151,0
DA:159,0
DA:160,0
DA:168,0
DA:169,0
DA:170,0
DA:172,0
DA:200,0
DA:201,0
DA:202,0
DA:203,0
DA:204,0
DA:206,0
DA:222,0
DA:223,0
DA:232,0
DA:233,0
DA:234,0
DA:236,0
DA:240,0
DA:242,0
DA:243,0
DA:245,0
DA:247,0
DA:251,0
DA:253,0
DA:260,0
DA:261,0
DA:263,0
DA:264,0
DA:265,0
DA:266,0
DA:268,0
DA:271,0
DA:272,0
DA:277,0
DA:279,0
DA:281,0
DA:282,0
DA:285,0
DA:286,0
DA:289,0
DA:290,0
DA:305,0
DA:306,0
DA:307,0
DA:308,0
DA:311,0
DA:312,0
DA:320,0
DA:323,0
DA:324,0
DA:330,0
DA:331,0
DA:333,0
DA:334,0
DA:336,0
DA:339,0
LF:122
LH:0
BRDA:11,0,0,0
BRDA:11,1,0,0
BRDA:13,2,0,0
BRDA:13,2,1,0
BRDA:22,3,0,0
BRDA:22,3,1,0
BRDA:23,4,0,0
BRDA:23,4,1,0
BRDA:24,5,0,0
BRDA:24,5,1,0
BRDA:42,6,0,0
BRDA:42,6,1,0
BRDA:52,7,0,0
BRDA:52,7,1,0
BRDA:52,8,0,0
BRDA:52,8,1,0
BRDA:54,9,0,0
BRDA:54,9,1,0
BRDA:61,10,0,0
BRDA:61,10,1,0
BRDA:61,11,0,0
BRDA:61,11,1,0
BRDA:61,11,2,0
BRDA:61,11,3,0
BRDA:69,12,0,0
BRDA:69,12,1,0
BRDA:69,13,0,0
BRDA:69,13,1,0
BRDA:87,14,0,0
BRDA:87,14,1,0
BRDA:105,15,0,0
BRDA:111,16,0,0
BRDA:112,17,0,0
BRDA:118,18,0,0
BRDA:118,18,1,0
BRDA:119,19,0,0
BRDA:119,19,1,0
BRDA:120,20,0,0
BRDA:120,20,1,0
BRDA:122,21,0,0
BRDA:122,21,1,0
BRDA:122,22,0,0
BRDA:122,22,1,0
BRDA:124,23,0,0
BRDA:124,23,1,0
BRDA:125,24,0,0
BRDA:125,24,1,0
BRDA:131,25,0,0
BRDA:131,25,1,0
BRDA:132,26,0,0
BRDA:132,26,1,0
BRDA:139,27,0,0
BRDA:139,27,1,0
BRDA:170,28,0,0
BRDA:200,29,0,0
BRDA:200,29,1,0
BRDA:243,30,0,0
BRDA:243,30,1,0
BRDA:243,31,0,0
BRDA:243,31,1,0
BRDA:265,32,0,0
BRDA:265,32,1,0
BRDA:266,33,0,0
BRDA:266,33,1,0
BRDA:277,34,0,0
BRDA:277,34,1,0
BRDA:281,35,0,0
BRDA:281,35,1,0
BRDA:285,36,0,0
BRDA:285,36,1,0
BRDA:291,37,0,0
BRDA:291,37,1,0
BRDA:292,38,0,0
BRDA:292,38,1,0
BRDA:293,39,0,0
BRDA:293,39,1,0
BRDA:294,40,0,0
BRDA:294,40,1,0
BRDA:295,41,0,0
BRDA:295,41,1,0
BRDA:296,42,0,0
BRDA:296,42,1,0
BRDA:297,43,0,0
BRDA:297,43,1,0
BRDA:298,44,0,0
BRDA:298,44,1,0
BRDA:299,45,0,0
BRDA:299,45,1,0
BRDA:300,46,0,0
BRDA:300,46,1,0
BRDA:301,47,0,0
BRDA:301,47,1,0
BRDA:302,48,0,0
BRDA:302,48,1,0
BRDA:305,49,0,0
BRDA:305,49,1,0
BRDA:306,50,0,0
BRDA:306,50,1,0
BRDA:306,51,0,0
BRDA:306,51,1,0
BRDA:307,52,0,0
BRDA:307,52,1,0
BRDA:307,53,0,0
BRDA:307,53,1,0
BRDA:308,54,0,0
BRDA:308,54,1,0
BRDA:311,55,0,0
BRDA:311,55,1,0
BRDA:313,56,0,0
BRDA:313,56,1,0
BRDA:314,57,0,0
BRDA:314,57,1,0
BRDA:315,58,0,0
BRDA:315,58,1,0
BRDA:316,59,0,0
BRDA:316,59,1,0
BRF:116
BRH:0
end_of_record
TN:
SF:routes\admin\sos.routes.js
FN:14,calculateDistance
FN:26,generateClusterId
FN:31,(anonymous_2)
FN:161,(anonymous_3)
FN:213,(anonymous_4)
FN:214,(anonymous_5)
FN:225,(anonymous_6)
FN:243,(anonymous_7)
FN:244,(anonymous_8)
FN:260,(anonymous_9)
FN:333,(anonymous_10)
FN:408,(anonymous_11)
FN:458,(anonymous_12)
FN:534,(anonymous_13)
FN:641,(anonymous_14)
FN:645,(anonymous_15)
FN:649,(anonymous_16)
FNF:17
FNH:0
FNDA:0,calculateDistance
FNDA:0,generateClusterId
FNDA:0,(anonymous_2)
FNDA:0,(anonymous_3)
FNDA:0,(anonymous_4)
FNDA:0,(anonymous_5)
FNDA:0,(anonymous_6)
FNDA:0,(anonymous_7)
FNDA:0,(anonymous_8)
FNDA:0,(anonymous_9)
FNDA:0,(anonymous_10)
FNDA:0,(anonymous_11)
FNDA:0,(anonymous_12)
FNDA:0,(anonymous_13)
FNDA:0,(anonymous_14)
FNDA:0,(anonymous_15)
FNDA:0,(anonymous_16)
DA:1,0
DA:2,0
DA:3,0
DA:4,0
DA:5,0
DA:6,0
DA:7,0
DA:10,0
DA:11,0
DA:15,0
DA:16,0
DA:17,0
DA:18,0
DA:21,0
DA:22,0
DA:27,0
DA:31,0
DA:32,0
DA:33,0
DA:34,0
DA:44,0
DA:47,0
DA:49,0
DA:50,0
DA:53,0
DA:54,0
DA:58,0
DA:59,0
DA:60,0
DA:62,0
DA:64,0
DA:65,0
DA:67,0
DA:68,0
DA:70,0
DA:71,0
DA:73,0
DA:74,0
DA:76,0
DA:79,0
DA:80,0
DA:85,0
DA:88,0
DA:89,0
DA:92,0
DA:100,0
DA:103,0
DA:104,0
DA:105,0
DA:108,0
DA:125,0
DA:126,0
DA:127,0
DA:128,0
DA:130,0
DA:151,0
DA:152,0
DA:161,0
DA:162,0
DA:163,0
DA:166,0
DA:170,0
DA:171,0
DA:173,0
DA:174,0
DA:176,0
DA:186,0
DA:187,0
DA:188,0
DA:190,0
DA:197,0
DA:198,0
DA:199,0
DA:202,0
DA:203,0
DA:204,0
DA:209,0
DA:212,0
DA:213,0
DA:214,0
DA:215,0
DA:221,0
DA:225,0
DA:226,0
DA:227,0
DA:228,0
DA:230,0
DA:233,0
DA:243,0
DA:244,0
DA:250,0
DA:251,0
DA:260,0
DA:261,0
DA:262,0
DA:263,0
DA:264,0
DA:266,0
DA:267,0
DA:273,0
DA:274,0
DA:275,0
DA:282,0
DA:283,0
DA:284,0
DA:286,0
DA:287,0
DA:294,0
DA:296,0
DA:297,0
DA:305,0
DA:312,0
DA:313,0
DA:315,0
DA:323,0
DA:324,0
DA:333,0
DA:334,0
DA:335,0
DA:336,0
DA:337,0
DA:339,0
DA:340,0
DA:346,0
DA:347,0
DA:353,0
DA:354,0
DA:355,0
DA:362,0
DA:363,0
DA:365,0
DA:366,0
DA:369,0
DA:370,0
DA:374,0
DA:375,0
DA:381,0
DA:384,0
DA:391,0
DA:398,0
DA:399,0
DA:408,0
DA:409,0
DA:410,0
DA:412,0
DA:413,0
DA:419,0
DA:423,0
DA:424,0
DA:431,0
DA:432,0
DA:433,0
DA:435,0
DA:436,0
DA:439,0
DA:448,0
DA:449,0
DA:458,0
DA:459,0
DA:460,0
DA:461,0
DA:462,0
DA:464,0
DA:465,0
DA:471,0
DA:472,0
DA:478,0
DA:479,0
DA:480,0
DA:487,0
DA:488,0
DA:489,0
DA:490,0
DA:494,0
DA:495,0
DA:496,0
DA:497,0
DA:501,0
DA:507,0
DA:510,0
DA:517,0
DA:524,0
DA:525,0
DA:534,0
DA:535,0
DA:536,0
DA:539,0
DA:540,0
DA:542,0
DA:544,0
DA:545,0
DA:547,0
DA:548,0
DA:550,0
DA:551,0
DA:553,0
DA:554,0
DA:556,0
DA:557,0
DA:559,0
DA:563,0
DA:600,0
DA:611,0
DA:622,0
DA:633,0
DA:642,0
DA:643,0
DA:646,0
DA:647,0
DA:649,0
DA:657,0
DA:658,0
DA:662,0
DA:665,0
DA:671,0
DA:672,0
DA:680,0
LF:217
LH:0
BRDA:37,0,0,0
BRDA:38,1,0,0
BRDA:39,2,0,0
BRDA:40,3,0,0
BRDA:41,4,0,0
BRDA:42,5,0,0
BRDA:43,6,0,0
BRDA:49,7,0,0
BRDA:49,7,1,0
BRDA:49,8,0,0
BRDA:49,8,1,0
BRDA:49,8,2,0
BRDA:53,9,0,0
BRDA:53,9,1,0
BRDA:53,10,0,0
BRDA:53,10,1,0
BRDA:53,10,2,0
BRDA:58,11,0,0
BRDA:58,11,1,0
BRDA:62,12,0,0
BRDA:62,12,1,0
BRDA:62,12,2,0
BRDA:62,12,3,0
BRDA:62,12,4,0
BRDA:79,13,0,0
BRDA:79,13,1,0
BRDA:89,14,0,0
BRDA:89,14,1,0
BRDA:142,15,0,0
BRDA:142,15,1,0
BRDA:163,16,0,0
BRDA:174,17,0,0
BRDA:174,17,1,0
BRDA:187,18,0,0
BRDA:187,18,1,0
BRDA:188,19,0,0
BRDA:188,19,1,0
BRDA:197,20,0,0
BRDA:197,20,1,0
BRDA:203,21,0,0
BRDA:203,21,1,0
BRDA:212,22,0,0
BRDA:212,22,1,0
BRDA:227,23,0,0
BRDA:227,23,1,0
BRDA:241,24,0,0
BRDA:241,24,1,0
BRDA:266,25,0,0
BRDA:266,25,1,0
BRDA:274,26,0,0
BRDA:274,26,1,0
BRDA:286,27,0,0
BRDA:286,27,1,0
BRDA:339,28,0,0
BRDA:339,28,1,0
BRDA:346,29,0,0
BRDA:346,29,1,0
BRDA:354,30,0,0
BRDA:354,30,1,0
BRDA:365,31,0,0
BRDA:365,31,1,0
BRDA:365,32,0,0
BRDA:365,32,1,0
BRDA:369,33,0,0
BRDA:369,33,1,0
BRDA:369,34,0,0
BRDA:369,34,1,0
BRDA:377,35,0,0
BRDA:377,35,1,0
BRDA:412,36,0,0
BRDA:412,36,1,0
BRDA:423,37,0,0
BRDA:423,37,1,0
BRDA:432,38,0,0
BRDA:432,38,1,0
BRDA:432,39,0,0
BRDA:432,39,1,0
BRDA:435,40,0,0
BRDA:435,40,1,0
BRDA:435,41,0,0
BRDA:435,41,1,0
BRDA:464,42,0,0
BRDA:464,42,1,0
BRDA:471,43,0,0
BRDA:471,43,1,0
BRDA:471,44,0,0
BRDA:471,44,1,0
BRDA:471,44,2,0
BRDA:479,45,0,0
BRDA:479,45,1,0
BRDA:489,46,0,0
BRDA:489,46,1,0
BRDA:489,47,0,0
BRDA:489,47,1,0
BRDA:494,48,0,0
BRDA:494,48,1,0
BRDA:494,49,0,0
BRDA:494,49,1,0
BRDA:496,50,0,0
BRDA:496,50,1,0
BRDA:496,51,0,0
BRDA:496,51,1,0
BRDA:503,52,0,0
BRDA:503,52,1,0
BRDA:536,53,0,0
BRDA:542,54,0,0
BRDA:542,54,1,0
BRDA:542,54,2,0
BRDA:542,54,3,0
BRDA:542,54,4,0
BRDA:542,54,5,0
BRDA:634,55,0,0
BRDA:634,55,1,0
BRDA:657,56,0,0
BRDA:657,56,1,0
BRF:115
BRH:0
end_of_record
TN:
SF:routes\admin\zones.routes.js
FN:7,(anonymous_0)
FN:27,(anonymous_1)
FN:49,(anonymous_2)
FN:95,(anonymous_3)
FN:108,(anonymous_4)
FN:121,(anonymous_5)
FN:142,(anonymous_6)
FN:190,(anonymous_7)
FN:201,(anonymous_8)
FN:237,(anonymous_9)
FN:249,(anonymous_10)
FN:250,(anonymous_11)
FN:251,(anonymous_12)
FN:283,(anonymous_13)
FN:294,(anonymous_14)
FN:331,calculatePolygonArea
FN:352,calculatePolygonPerimeter
FNF:17
FNH:0
FNDA:0,(anonymous_0)
FNDA:0,(anonymous_1)
FNDA:0,(anonymous_2)
FNDA:0,(anonymous_3)
FNDA:0,(anonymous_4)
FNDA:0,(anonymous_5)
FNDA:0,(anonymous_6)
FNDA:0,(anonymous_7)
FNDA:0,(anonymous_8)
FNDA:0,(anonymous_9)
FNDA:0,(anonymous_10)
FNDA:0,(anonymous_11)
FNDA:0,(anonymous_12)
FNDA:0,(anonymous_13)
FNDA:0,(anonymous_14)
FNDA:0,calculatePolygonArea
FNDA:0,calculatePolygonPerimeter
DA:1,0
DA:2,0
DA:3,0
DA:4,0
DA:7,0
DA:8,0
DA:9,0
DA:11,0
DA:12,0
DA:19,0
DA:20,0
DA:27,0
DA:28,0
DA:32,0
DA:33,0
DA:39,0
DA:41,0
DA:42,0
DA:49,0
DA:50,0
DA:53,0
DA:54,0
DA:61,0
DA:63,0
DA:71,0
DA:72,0
DA:74,0
DA:76,0
DA:86,0
DA:87,0
DA:95,0
DA:96,0
DA:97,0
DA:99,0
DA:101,0
DA:102,0
DA:108,0
DA:109,0
DA:112,0
DA:113,0
DA:120,0
DA:121,0
DA:122,0
DA:125,0
DA:126,0
DA:134,0
DA:135,0
DA:136,0
DA:142,0
DA:143,0
DA:147,0
DA:148,0
DA:156,0
DA:157,0
DA:158,0
DA:160,0
DA:161,0
DA:164,0
DA:165,0
DA:166,0
DA:168,0
DA:169,0
DA:171,0
DA:181,0
DA:182,0
DA:190,0
DA:191,0
DA:192,0
DA:194,0
DA:195,0
DA:201,0
DA:202,0
DA:205,0
DA:206,0
DA:212,0
DA:213,0
DA:214,0
DA:216,0
DA:218,0
DA:228,0
DA:229,0
DA:237,0
DA:238,0
DA:239,0
DA:241,0
DA:242,0
DA:249,0
DA:250,0
DA:251,0
DA:252,0
DA:253,0
DA:256,0
DA:274,0
DA:275,0
DA:283,0
DA:284,0
DA:285,0
DA:287,0
DA:288,0
DA:294,0
DA:295,0
DA:298,0
DA:299,0
DA:305,0
DA:321,0
DA:322,0
DA:332,0
DA:334,0
DA:335,0
DA:337,0
DA:338,0
DA:339,0
DA:340,0
DA:345,0
DA:346,0
DA:348,0
DA:353,0
DA:355,0
DA:357,0
DA:358,0
DA:359,0
DA:362,0
DA:363,0
DA:364,0
DA:366,0
DA:370,0
DA:372,0
DA:375,0
LF:128
LH:0
BRDA:11,0,0,0
BRDA:11,0,1,0
BRDA:11,1,0,0
BRDA:11,1,1,0
BRDA:19,2,0,0
BRDA:19,2,1,0
BRDA:19,3,0,0
BRDA:19,3,1,0
BRDA:28,4,0,0
BRDA:28,4,1,0
BRDA:28,4,2,0
BRDA:28,4,3,0
BRDA:32,5,0,0
BRDA:32,5,1,0
BRDA:41,6,0,0
BRDA:41,6,1,0
BRDA:53,7,0,0
BRDA:53,7,1,0
BRDA:61,8,0,0
BRDA:61,8,1,0
BRDA:66,9,0,0
BRDA:66,9,1,0
BRDA:68,10,0,0
BRDA:68,10,1,0
BRDA:72,11,0,0
BRDA:72,11,1,0
BRDA:101,12,0,0
BRDA:101,12,1,0
BRDA:112,13,0,0
BRDA:112,13,1,0
BRDA:120,14,0,0
BRDA:120,14,1,0
BRDA:122,15,0,0
BRDA:122,15,1,0
BRDA:125,16,0,0
BRDA:125,16,1,0
BRDA:134,17,0,0
BRDA:134,17,1,0
BRDA:135,18,0,0
BRDA:135,18,1,0
BRDA:135,19,0,0
BRDA:135,19,1,0
BRDA:143,20,0,0
BRDA:143,20,1,0
BRDA:143,20,2,0
BRDA:143,20,3,0
BRDA:147,21,0,0
BRDA:147,21,1,0
BRDA:156,22,0,0
BRDA:156,22,1,0
BRDA:157,23,0,0
BRDA:157,23,1,0
BRDA:160,24,0,0
BRDA:160,24,1,0
BRDA:164,25,0,0
BRDA:164,25,1,0
BRDA:165,26,0,0
BRDA:165,26,1,0
BRDA:166,27,0,0
BRDA:166,27,1,0
BRDA:168,28,0,0
BRDA:168,28,1,0
BRDA:194,29,0,0
BRDA:194,29,1,0
BRDA:205,30,0,0
BRDA:205,30,1,0
BRDA:214,31,0,0
BRDA:214,31,1,0
BRDA:241,32,0,0
BRDA:241,32,1,0
BRDA:249,33,0,0
BRDA:249,33,1,0
BRDA:250,34,0,0
BRDA:250,34,1,0
BRDA:252,35,0,0
BRDA:252,35,1,0
BRDA:287,36,0,0
BRDA:287,36,1,0
BRDA:298,37,0,0
BRDA:298,37,1,0
BRDA:316,38,0,0
BRDA:316,38,1,0
BRDA:332,39,0,0
BRDA:332,39,1,0
BRDA:353,40,0,0
BRDA:353,40,1,0
BRF:86
BRH:0
end_of_record
TN:
SF:routes\responder\notifications.routes.js
FN:17,(anonymous_0)
FN:25,(anonymous_1)
FN:32,(anonymous_2)
FN:46,(anonymous_3)
FN:76,(anonymous_4)
FN:99,(anonymous_5)
FNF:6
FNH:0
FNDA:0,(anonymous_0)
FNDA:0,(anonymous_1)
FNDA:0,(anonymous_2)
FNDA:0,(anonymous_3)
FNDA:0,(anonymous_4)
FNDA:0,(anonymous_5)
DA:1,0
DA:2,0
DA:3,0
DA:4,0
DA:10,0
DA:13,0
DA:14,0
DA:17,0
DA:18,0
DA:19,0
DA:22,0
DA:25,0
DA:26,0
DA:29,0
DA:32,0
DA:36,0
DA:37,0
DA:46,0
DA:47,0
DA:48,0
DA:49,0
DA:51,0
DA:53,0
DA:54,0
DA:60,0
DA:66,0
DA:67,0
DA:76,0
DA:77,0
DA:78,0
DA:80,0
DA:82,0
DA:89,0
DA:90,0
DA:99,0
DA:100,0
DA:101,0
DA:102,0
DA:104,0
DA:106,0
DA:107,0
DA:113,0
DA:120,0
DA:121,0
DA:129,0
LF:45
LH:0
BRDA:53,0,0,0
BRDA:53,0,1,0
BRDA:106,1,0,0
BRDA:106,1,1,0
BRF:4
BRH:0
end_of_record
TN:
SF:services\AssignmentNotificationTrigger.js
FNF:0
FNH:0
LF:0
LH:0
BRF:0
BRH:0
end_of_record
TN:
SF:services\NotificationService.js
FN:4,(anonymous_0)
FN:46,(anonymous_1)
FN:117,(anonymous_2)
FN:165,(anonymous_3)
FN:183,(anonymous_4)
FN:205,(anonymous_5)
FN:220,(anonymous_6)
FN:234,(anonymous_7)
FNF:8
FNH:0
FNDA:0,(anonymous_0)
FNDA:0,(anonymous_1)
FNDA:0,(anonymous_2)
FNDA:0,(anonymous_3)
FNDA:0,(anonymous_4)
FNDA:0,(anonymous_5)
FNDA:0,(anonymous_6)
FNDA:0,(anonymous_7)
DA:1,0
DA:6,0
DA:14,0
DA:47,0
DA:48,0
DA:49,0
DA:50,0
DA:51,0
DA:54,0
DA:71,0
DA:72,0
DA:73,0
DA:74,0
DA:75,0
DA:76,0
DA:77,0
DA:78,0
DA:79,0
DA:80,0
DA:81,0
DA:82,0
DA:83,0
DA:86,0
DA:89,0
DA:92,0
DA:95,0
DA:97,0
DA:105,0
DA:106,0
DA:118,0
DA:150,0
DA:151,0
DA:166,0
DA:173,0
DA:174,0
DA:184,0
DA:195,0
DA:196,0
DA:206,0
DA:207,0
DA:209,0
DA:210,0
DA:211,0
DA:212,0
DA:213,0
DA:221,0
DA:222,0
DA:223,0
DA:224,0
DA:225,0
DA:226,0
DA:227,0
DA:235,0
DA:237,0
DA:239,0
DA:256,0
DA:258,0
DA:261,0
DA:266,0
LF:59
LH:0
BRDA:49,0,0,0
BRDA:49,0,1,0
BRDA:76,1,0,0
BRDA:76,1,1,0
BRDA:78,2,0,0
BRDA:78,2,1,0
BRDA:81,3,0,0
BRDA:81,3,1,0
BRDA:128,4,0,0
BRDA:128,4,1,0
BRDA:129,5,0,0
BRDA:129,5,1,0
BRDA:136,6,0,0
BRDA:136,6,1,0
BRDA:169,7,0,0
BRDA:169,7,1,0
BRDA:186,8,0,0
BRDA:186,8,1,0
BRDA:206,9,0,0
BRDA:206,9,1,0
BRDA:206,10,0,0
BRDA:206,10,1,0
BRDA:222,11,0,0
BRDA:222,11,1,0
BRF:24
BRH:0
end_of_record
TN:
SF:services\NotificationStore.js
FN:9,storeNotificationForResponder
FN:35,getNotificationsForResponder
FN:42,markNotificationAsRead
FN:44,(anonymous_3)
FN:55,markAllNotificationsAsRead
FN:57,(anonymous_5)
FN:66,deleteNotification
FN:68,(anonymous_7)
FNF:8
FNH:0
FNDA:0,storeNotificationForResponder
FNDA:0,getNotificationsForResponder
FNDA:0,markNotificationAsRead
FNDA:0,(anonymous_3)
FNDA:0,markAllNotificationsAsRead
FNDA:0,(anonymous_5)
FNDA:0,deleteNotification
FNDA:0,(anonymous_7)
DA:4,0
DA:10,0
DA:11,0
DA:14,0
DA:15,0
DA:17,0
DA:25,0
DA:26,0
DA:29,0
DA:36,0
DA:43,0
DA:44,0
DA:45,0
DA:46,0
DA:47,0
DA:49,0
DA:56,0
DA:57,0
DA:58,0
DA:60,0
DA:67,0
DA:68,0
DA:69,0
DA:70,0
DA:71,0
DA:73,0
DA:76,0
LF:27
LH:0
BRDA:10,0,0,0
BRDA:10,0,1,0
BRDA:25,1,0,0
BRDA:25,1,1,0
BRDA:36,2,0,0
BRDA:36,2,1,0
BRDA:43,3,0,0
BRDA:43,3,1,0
BRDA:45,4,0,0
BRDA:45,4,1,0
BRDA:56,5,0,0
BRDA:56,5,1,0
BRDA:67,6,0,0
BRDA:67,6,1,0
BRDA:69,7,0,0
BRDA:69,7,1,0
BRF:16
BRH:0
end_of_record
TN:
SF:services\ai-resource-optimizer.js
FN:10,(anonymous_0)
FN:21,(anonymous_1)
FN:32,(anonymous_2)
FN:37,(anonymous_3)
FN:87,(anonymous_4)
FN:91,(anonymous_5)
FN:97,(anonymous_6)
FN:108,(anonymous_7)
FN:118,(anonymous_8)
FN:120,(anonymous_9)
FN:135,(anonymous_10)
FN:147,(anonymous_11)
FN:148,(anonymous_12)
FN:152,(anonymous_13)
FN:162,(anonymous_14)
FN:163,(anonymous_15)
FN:167,(anonymous_16)
FN:220,(anonymous_17)
FN:226,(anonymous_18)
FN:238,(anonymous_19)
FN:275,(anonymous_20)
FN:280,(anonymous_21)
FN:288,(anonymous_22)
FN:303,(anonymous_23)
FN:322,(anonymous_24)
FN:351,(anonymous_25)
FN:366,(anonymous_26)
FN:369,(anonymous_27)
FN:383,(anonymous_28)
FN:387,(anonymous_29)
FN:390,(anonymous_30)
FN:391,(anonymous_31)
FN:400,(anonymous_32)
FN:450,(anonymous_33)
FN:453,(anonymous_34)
FN:454,(anonymous_35)
FN:478,(anonymous_36)
FN:484,(anonymous_37)
FN:496,(anonymous_38)
FN:500,(anonymous_39)
FN:505,(anonymous_40)
FNF:41
FNH:0
FNDA:0,(anonymous_0)
FNDA:0,(anonymous_1)
FNDA:0,(anonymous_2)
FNDA:0,(anonymous_3)
FNDA:0,(anonymous_4)
FNDA:0,(anonymous_5)
FNDA:0,(anonymous_6)
FNDA:0,(anonymous_7)
FNDA:0,(anonymous_8)
FNDA:0,(anonymous_9)
FNDA:0,(anonymous_10)
FNDA:0,(anonymous_11)
FNDA:0,(anonymous_12)
FNDA:0,(anonymous_13)
FNDA:0,(anonymous_14)
FNDA:0,(anonymous_15)
FNDA:0,(anonymous_16)
FNDA:0,(anonymous_17)
FNDA:0,(anonymous_18)
FNDA:0,(anonymous_19)
FNDA:0,(anonymous_20)
FNDA:0,(anonymous_21)
FNDA:0,(anonymous_22)
FNDA:0,(anonymous_23)
FNDA:0,(anonymous_24)
FNDA:0,(anonymous_25)
FNDA:0,(anonymous_26)
FNDA:0,(anonymous_27)
FNDA:0,(anonymous_28)
FNDA:0,(anonymous_29)
FNDA:0,(anonymous_30)
FNDA:0,(anonymous_31)
FNDA:0,(anonymous_32)
FNDA:0,(anonymous_33)
FNDA:0,(anonymous_34)
FNDA:0,(anonymous_35)
FNDA:0,(anonymous_36)
FNDA:0,(anonymous_37)
FNDA:0,(anonymous_38)
FNDA:0,(anonymous_39)
FNDA:0,(anonymous_40)
DA:4,0
DA:5,0
DA:6,0
DA:7,0
DA:11,0
DA:22,0
DA:23,0
DA:24,0
DA:25,0
DA:28,0
DA:29,0
DA:33,0
DA:38,0
DA:39,0
DA:70,0
DA:80,0
DA:82,0
DA:83,0
DA:88,0
DA:91,0
DA:92,0
DA:93,0
DA:97,0
DA:98,0
DA:99,0
DA:103,0
DA:105,0
DA:109,0
DA:118,0
DA:119,0
DA:120,0
DA:121,0
DA:126,0
DA:127,0
DA:129,0
DA:132,0
DA:136,0
DA:144,0
DA:148,0
DA:149,0
DA:152,0
DA:153,0
DA:156,0
DA:157,0
DA:158,0
DA:159,0
DA:163,0
DA:168,0
DA:170,0
DA:176,0
DA:178,0
DA:179,0
DA:186,0
DA:190,0
DA:198,0
DA:216,0
DA:220,0
DA:222,0
DA:226,0
DA:233,0
DA:234,0
DA:239,0
DA:242,0
DA:245,0
DA:248,0
DA:251,0
DA:254,0
DA:257,0
DA:263,0
DA:276,0
DA:277,0
DA:281,0
DA:282,0
DA:284,0
DA:285,0
DA:290,0
DA:300,0
DA:304,0
DA:305,0
DA:310,0
DA:313,0
DA:314,0
DA:315,0
DA:316,0
DA:319,0
DA:324,0
DA:334,0
DA:335,0
DA:338,0
DA:345,0
DA:347,0
DA:348,0
DA:352,0
DA:355,0
DA:356,0
DA:359,0
DA:360,0
DA:361,0
DA:363,0
DA:367,0
DA:369,0
DA:370,0
DA:371,0
DA:372,0
DA:374,0
DA:378,0
DA:379,0
DA:380,0
DA:384,0
DA:385,0
DA:387,0
DA:388,0
DA:389,0
DA:390,0
DA:391,0
DA:393,0
DA:396,0
DA:401,0
DA:402,0
DA:405,0
DA:421,0
DA:431,0
DA:436,0
DA:445,0
DA:446,0
DA:451,0
DA:453,0
DA:454,0
DA:455,0
DA:457,0
DA:461,0
DA:466,0
DA:478,0
DA:479,0
DA:480,0
DA:485,0
DA:487,0
DA:488,0
DA:490,0
DA:491,0
DA:493,0
DA:497,0
DA:500,0
DA:501,0
DA:502,0
DA:505,0
DA:510,0
DA:517,0
DA:523,0
DA:527,0
LF:150
LH:0
BRDA:37,0,0,0
BRDA:93,1,0,0
BRDA:93,1,1,0
BRDA:99,2,0,0
BRDA:99,2,1,0
BRDA:119,3,0,0
BRDA:119,3,1,0
BRDA:121,4,0,0
BRDA:121,4,1,0
BRDA:127,5,0,0
BRDA:127,5,1,0
BRDA:144,6,0,0
BRDA:144,6,1,0
BRDA:156,7,0,0
BRDA:156,7,1,0
BRDA:156,8,0,0
BRDA:156,8,1,0
BRDA:157,9,0,0
BRDA:157,9,1,0
BRDA:157,10,0,0
BRDA:157,10,1,0
BRDA:158,11,0,0
BRDA:158,11,1,0
BRDA:158,12,0,0
BRDA:158,12,1,0
BRDA:163,13,0,0
BRDA:163,13,1,0
BRDA:277,14,0,0
BRDA:277,14,1,0
BRDA:281,15,0,0
BRDA:281,15,1,0
BRDA:282,16,0,0
BRDA:282,16,1,0
BRDA:300,17,0,0
BRDA:300,17,1,0
BRDA:304,18,0,0
BRDA:304,18,1,0
BRDA:313,19,0,0
BRDA:313,19,1,0
BRDA:315,20,0,0
BRDA:315,20,1,0
BRDA:334,21,0,0
BRDA:334,21,1,0
BRDA:345,22,0,0
BRDA:345,22,1,0
BRDA:347,23,0,0
BRDA:347,23,1,0
BRDA:355,24,0,0
BRDA:355,24,1,0
BRDA:356,25,0,0
BRDA:356,25,1,0
BRDA:359,26,0,0
BRDA:359,26,1,0
BRDA:360,27,0,0
BRDA:360,27,1,0
BRDA:361,28,0,0
BRDA:361,28,1,0
BRDA:367,29,0,0
BRDA:367,29,1,0
BRDA:371,30,0,0
BRDA:371,30,1,0
BRDA:379,31,0,0
BRDA:379,31,1,0
BRDA:388,32,0,0
BRDA:388,32,1,0
BRDA:393,33,0,0
BRDA:393,33,1,0
BRDA:400,34,0,0
BRDA:455,35,0,0
BRDA:455,35,1,0
BRDA:473,36,0,0
BRDA:473,36,1,0
BRDA:485,37,0,0
BRDA:485,37,1,0
BRDA:490,38,0,0
BRDA:490,38,1,0
BRDA:491,39,0,0
BRDA:491,39,1,0
BRDA:501,40,0,0
BRDA:501,40,1,0
BRF:80
BRH:0
end_of_record
TN:
SF:services\donation.service.js
FN:11,(anonymous_0)
FN:32,(anonymous_1)
FN:52,(anonymous_2)
FN:91,(anonymous_3)
FN:137,(anonymous_4)
FNF:5
FNH:5
FNDA:265,(anonymous_0)
FNDA:264,(anonymous_1)
FNDA:262,(anonymous_2)
FNDA:216,(anonymous_3)
FNDA:6,(anonymous_4)
DA:1,5
DA:2,5
DA:3,5
DA:12,265
DA:13,265
DA:15,265
DA:16,263
DA:17,263
DA:20,263
DA:22,2
DA:23,2
DA:33,264
DA:34,264
DA:35,264
DA:38,263
DA:40,263
DA:42,1
DA:43,1
DA:53,262
DA:63,262
DA:66,262
DA:69,261
DA:78,261
DA:80,1
DA:81,1
DA:92,216
DA:93,216
DA:94,216
DA:96,216
DA:99,216
DA:100,4
DA:103,216
DA:104,0
DA:110,216
DA:116,216
DA:118,216
DA:128,0
DA:129,0
DA:138,6
DA:139,6
DA:153,6
DA:163,6
DA:173,0
DA:174,0
DA:179,5
LF:45
LH:40
BRDA:15,0,0,263
BRDA:15,0,1,2
BRDA:91,1,0,0
BRDA:91,2,0,0
BRDA:93,3,0,0
BRDA:93,4,0,0
BRDA:99,5,0,4
BRDA:99,5,1,212
BRDA:103,6,0,0
BRDA:103,6,1,216
BRDA:103,7,0,216
BRDA:103,7,1,0
BRDA:164,8,0,6
BRDA:164,8,1,1
BRF:14
BRH:8
end_of_record
TN:
SF:services\gemini-ai-service.js
FN:7,(anonymous_0)
FN:13,(anonymous_1)
FN:30,(anonymous_2)
FN:60,(anonymous_3)
FN:66,(anonymous_4)
FN:72,(anonymous_5)
FN:98,(anonymous_6)
FN:107,(anonymous_7)
FN:114,(anonymous_8)
FN:139,(anonymous_9)
FN:150,(anonymous_10)
FN:154,(anonymous_11)
FN:174,(anonymous_12)
FN:192,(anonymous_13)
FN:203,(anonymous_14)
FN:210,(anonymous_15)
FN:213,(anonymous_16)
FN:222,(anonymous_17)
FNF:18
FNH:0
FNDA:0,(anonymous_0)
FNDA:0,(anonymous_1)
FNDA:0,(anonymous_2)
FNDA:0,(anonymous_3)
FNDA:0,(anonymous_4)
FNDA:0,(anonymous_5)
FNDA:0,(anonymous_6)
FNDA:0,(anonymous_7)
FNDA:0,(anonymous_8)
FNDA:0,(anonymous_9)
FNDA:0,(anonymous_10)
FNDA:0,(anonymous_11)
FNDA:0,(anonymous_12)
FNDA:0,(anonymous_13)
FNDA:0,(anonymous_14)
FNDA:0,(anonymous_15)
FNDA:0,(anonymous_16)
FNDA:0,(anonymous_17)
DA:4,0
DA:9,0
DA:10,0
DA:14,0
DA:15,0
DA:30,0
DA:47,0
DA:48,0
DA:49,0
DA:52,0
DA:54,0
DA:56,0
DA:61,0
DA:62,0
DA:66,0
DA:72,0
DA:87,0
DA:88,0
DA:89,0
DA:91,0
DA:93,0
DA:94,0
DA:99,0
DA:100,0
DA:107,0
DA:114,0
DA:128,0
DA:129,0
DA:131,0
DA:133,0
DA:134,0
DA:140,0
DA:141,0
DA:142,0
DA:143,0
DA:146,0
DA:147,0
DA:151,0
DA:155,0
DA:157,0
DA:158,0
DA:159,0
DA:162,0
DA:166,0
DA:175,0
DA:176,0
DA:177,0
DA:178,0
DA:181,0
DA:184,0
DA:193,0
DA:205,0
DA:206,0
DA:207,0
DA:211,0
DA:213,0
DA:223,0
DA:231,0
LF:58
LH:0
BRDA:158,0,0,0
BRDA:158,0,1,0
BRDA:177,1,0,0
BRDA:177,1,1,0
BRF:4
BRH:0
end_of_record
TN:
SF:services\mock-sludi-service.js
FN:3,(anonymous_0)
FN:33,(anonymous_1)
FN:37,(anonymous_2)
FN:69,(anonymous_3)
FN:71,(anonymous_4)
FN:111,(anonymous_5)
FNF:6
FNH:0
FNDA:0,(anonymous_0)
FNDA:0,(anonymous_1)
FNDA:0,(anonymous_2)
FNDA:0,(anonymous_3)
FNDA:0,(anonymous_4)
FNDA:0,(anonymous_5)
DA:4,0
DA:34,0
DA:37,0
DA:39,0
DA:40,0
DA:53,0
DA:70,0
DA:71,0
DA:73,0
DA:74,0
DA:77,0
DA:78,0
DA:79,0
DA:80,0
DA:82,0
DA:96,0
DA:112,0
DA:116,0
LF:18
LH:0
BRDA:39,0,0,0
BRDA:39,0,1,0
BRDA:39,1,0,0
BRDA:39,1,1,0
BRDA:73,2,0,0
BRDA:73,2,1,0
BRDA:77,3,0,0
BRDA:77,3,1,0
BRDA:78,4,0,0
BRDA:78,4,1,0
BRDA:79,5,0,0
BRDA:79,5,1,0
BRDA:80,6,0,0
BRDA:80,6,1,0
BRF:14
BRH:0
end_of_record
TN:
SF:services\ndx-service.js
FN:5,(anonymous_0)
FN:28,(anonymous_1)
FN:72,(anonymous_2)
FN:94,(anonymous_3)
FN:131,(anonymous_4)
FN:214,(anonymous_5)
FN:242,(anonymous_6)
FN:262,(anonymous_7)
FN:286,(anonymous_8)
FN:289,(anonymous_9)
FNF:10
FNH:0
FNDA:0,(anonymous_0)
FNDA:0,(anonymous_1)
FNDA:0,(anonymous_2)
FNDA:0,(anonymous_3)
FNDA:0,(anonymous_4)
FNDA:0,(anonymous_5)
FNDA:0,(anonymous_6)
FNDA:0,(anonymous_7)
FNDA:0,(anonymous_8)
FNDA:0,(anonymous_9)
DA:6,0
DA:7,0
DA:36,0
DA:39,0
DA:40,0
DA:48,0
DA:49,0
DA:61,0
DA:63,0
DA:73,0
DA:75,0
DA:76,0
DA:83,0
DA:84,0
DA:86,0
DA:95,0
DA:97,0
DA:98,0
DA:106,0
DA:107,0
DA:108,0
DA:116,0
DA:118,0
DA:132,0
DA:134,0
DA:136,0
DA:166,0
DA:176,0
DA:180,0
DA:182,0
DA:205,0
DA:209,0
DA:215,0
DA:217,0
DA:218,0
DA:225,0
DA:243,0
DA:245,0
DA:246,0
DA:252,0
DA:253,0
DA:255,0
DA:263,0
DA:265,0
DA:266,0
DA:267,0
DA:279,0
DA:287,0
DA:289,0
DA:298,0
LF:50
LH:0
BRDA:39,0,0,0
BRDA:39,0,1,0
BRDA:57,1,0,0
BRDA:57,1,1,0
BRDA:75,2,0,0
BRDA:75,2,1,0
BRDA:75,3,0,0
BRDA:75,3,1,0
BRDA:97,4,0,0
BRDA:97,4,1,0
BRDA:97,5,0,0
BRDA:97,5,1,0
BRDA:106,6,0,0
BRDA:106,6,1,0
BRDA:132,7,0,0
BRDA:132,7,1,0
BRDA:132,7,2,0
BRDA:134,8,0,0
BRDA:134,8,1,0
BRDA:134,8,2,0
BRDA:180,9,0,0
BRDA:180,9,1,0
BRDA:217,10,0,0
BRDA:217,10,1,0
BRDA:217,11,0,0
BRDA:217,11,1,0
BRDA:245,12,0,0
BRDA:245,12,1,0
BRDA:245,13,0,0
BRDA:245,13,1,0
BRDA:266,14,0,0
BRDA:266,14,1,0
BRF:32
BRH:0
end_of_record
TN:
SF:services\payment.service.js
FN:4,(anonymous_0)
FN:43,(anonymous_1)
FN:79,(anonymous_2)
FN:97,(anonymous_3)
FNF:4
FNH:2
FNDA:5,(anonymous_0)
FNDA:1,(anonymous_1)
FNDA:0,(anonymous_2)
FNDA:0,(anonymous_3)
DA:1,5
DA:6,5
DA:10,5
DA:11,5
DA:12,5
DA:13,5
DA:14,5
DA:16,5
DA:17,0
DA:21,5
DA:22,0
DA:26,5
DA:44,1
DA:45,1
DA:57,1
DA:59,1
DA:65,0
DA:67,0
DA:69,1
DA:70,1
DA:80,0
DA:81,0
DA:85,0
DA:87,0
DA:88,0
DA:98,0
DA:99,0
DA:103,0
DA:105,0
DA:106,0
DA:111,5
LF:31
LH:17
BRDA:6,0,0,0
BRDA:6,0,1,5
BRDA:16,1,0,0
BRDA:16,1,1,5
BRDA:16,2,0,5
BRDA:16,2,1,5
BRDA:16,2,2,5
BRDA:21,3,0,0
BRDA:21,3,1,5
BRDA:43,4,0,0
BRDA:49,5,0,1
BRDA:49,5,1,1
BRDA:50,6,0,1
BRDA:50,6,1,1
BRDA:69,7,0,1
BRDA:69,7,1,0
BRDA:70,8,0,1
BRDA:70,8,1,0
BRDA:87,9,0,0
BRDA:87,9,1,0
BRDA:88,10,0,0
BRDA:88,10,1,0
BRDA:105,11,0,0
BRDA:105,11,1,0
BRDA:106,12,0,0
BRDA:106,12,1,0
BRF:26
BRH:12
end_of_record
TN:
SF:services\sos-escalation.service.js
FN:5,(anonymous_0)
FN:17,(anonymous_1)
FN:97,(anonymous_2)
FN:137,(anonymous_3)
FN:160,(anonymous_4)
FN:161,(anonymous_5)
FN:179,(anonymous_6)
FN:221,(anonymous_7)
FN:239,(anonymous_8)
FN:246,(anonymous_9)
FNF:10
FNH:0
FNDA:0,(anonymous_0)
FNDA:0,(anonymous_1)
FNDA:0,(anonymous_2)
FNDA:0,(anonymous_3)
FNDA:0,(anonymous_4)
FNDA:0,(anonymous_5)
FNDA:0,(anonymous_6)
FNDA:0,(anonymous_7)
FNDA:0,(anonymous_8)
FNDA:0,(anonymous_9)
DA:1,0
DA:2,0
DA:7,0
DA:18,0
DA:19,0
DA:21,0
DA:22,0
DA:25,0
DA:33,0
DA:34,0
DA:35,0
DA:36,0
DA:37,0
DA:40,0
DA:41,0
DA:42,0
DA:43,0
DA:44,0
DA:45,0
DA:46,0
DA:47,0
DA:48,0
DA:49,0
DA:50,0
DA:51,0
DA:54,0
DA:56,0
DA:57,0
DA:60,0
DA:61,0
DA:62,0
DA:63,0
DA:67,0
DA:73,0
DA:74,0
DA:76,0
DA:79,0
DA:80,0
DA:85,0
DA:86,0
DA:89,0
DA:90,0
DA:98,0
DA:100,0
DA:118,0
DA:119,0
DA:120,0
DA:122,0
DA:133,0
DA:136,0
DA:137,0
DA:149,0
DA:153,0
DA:161,0
DA:164,0
DA:165,0
DA:166,0
DA:167,0
DA:168,0
DA:169,0
DA:173,0
DA:180,0
DA:181,0
DA:182,0
DA:184,0
DA:186,0
DA:187,0
DA:189,0
DA:190,0
DA:192,0
DA:193,0
DA:195,0
DA:196,0
DA:198,0
DA:201,0
DA:219,0
DA:222,0
DA:226,0
DA:231,0
DA:232,0
DA:240,0
DA:243,0
DA:246,0
DA:247,0
DA:252,0
LF:85
LH:0
BRDA:40,0,0,0
BRDA:40,0,1,0
BRDA:40,1,0,0
BRDA:40,1,1,0
BRDA:44,2,0,0
BRDA:44,2,1,0
BRDA:44,3,0,0
BRDA:44,3,1,0
BRDA:48,4,0,0
BRDA:48,4,1,0
BRDA:48,5,0,0
BRDA:48,5,1,0
BRDA:54,6,0,0
BRDA:54,6,1,0
BRDA:60,7,0,0
BRDA:60,7,1,0
BRDA:60,8,0,0
BRDA:60,8,1,0
BRDA:62,9,0,0
BRDA:62,9,1,0
BRDA:62,10,0,0
BRDA:62,10,1,0
BRDA:79,11,0,0
BRDA:79,11,1,0
BRDA:118,12,0,0
BRDA:118,12,1,0
BRDA:120,13,0,0
BRDA:120,13,1,0
BRDA:164,14,0,0
BRDA:164,14,1,0
BRDA:164,15,0,0
BRDA:164,15,1,0
BRDA:164,15,2,0
BRDA:166,16,0,0
BRDA:166,16,1,0
BRDA:166,17,0,0
BRDA:166,17,1,0
BRDA:166,17,2,0
BRDA:168,18,0,0
BRDA:168,18,1,0
BRDA:168,19,0,0
BRDA:168,19,1,0
BRDA:168,19,2,0
BRDA:179,20,0,0
BRDA:184,21,0,0
BRDA:184,21,1,0
BRDA:184,21,2,0
BRDA:184,21,3,0
BRDA:184,21,4,0
BRDA:224,22,0,0
BRDA:224,22,1,0
BRDA:239,23,0,0
BRF:52
BRH:0
end_of_record
